Release 14.4 Map P.49d (nt64)
Xilinx Mapping Report File for Design 'DK'

Design Information
------------------
Command Line   : map -intstyle ise -p xc3s100e-cp132-5 -cm area -ir off -pr off
-c 100 -o DK_map.ncd DK.ngd DK.pcf 
Target Device  : xc3s100e
Target Package : cp132
Target Speed   : -5
Mapper Version : spartan3e -- $Revision: 1.55 $
Mapped Date    : Fri Jan 11 14:17:21 2019

Design Summary
--------------
Number of errors:      0
Number of warnings:   31
Logic Utilization:
  Number of Slice Flip Flops:           369 out of   1,920   19%
  Number of 4 input LUTs:             1,759 out of   1,920   91%
Logic Distribution:
  Number of occupied Slices:            958 out of     960   99%
    Number of Slices containing only related logic:     958 out of     958 100%
    Number of Slices containing unrelated logic:          0 out of     958   0%
      *See NOTES below for an explanation of the effects of unrelated logic.
  Total Number of 4 input LUTs:       1,840 out of   1,920   95%
    Number used as logic:             1,757
    Number used as a route-thru:         81
    Number used as Shift registers:       2

  The Slice Logic Distribution report is not meaningful if the design is
  over-mapped for a non-slice resource or if Placement fails.

  Number of bonded IOBs:                 17 out of      83   20%
  Number of RAMB16s:                      3 out of       4   75%
  Number of BUFGMUXs:                     1 out of      24    4%

Average Fanout of Non-Clock Nets:                3.39

Peak Memory Usage:  4432 MB
Total REAL time to MAP completion:  3 secs 
Total CPU time to MAP completion:   3 secs 

NOTES:

   Related logic is defined as being logic that shares connectivity - e.g. two
   LUTs are "related" if they share common inputs.  When assembling slices,
   Map gives priority to combine logic that is related.  Doing so results in
   the best timing performance.

   Unrelated logic shares no connectivity.  Map will only begin packing
   unrelated logic into a slice once 99% of the slices are occupied through
   related logic packing.

   Note that once logic distribution reaches the 99% level through related
   logic packing, this does not mean the device is completely utilized.
   Unrelated logic packing will then begin, continuing until all usable LUTs
   and FFs are occupied.  Depending on your timing budget, increased levels of
   unrelated logic packing may adversely affect the overall timing performance
   of your design.

Table of Contents
-----------------
Section 1 - Errors
Section 2 - Warnings
Section 3 - Informational
Section 4 - Removed Logic Summary
Section 5 - Removed Logic
Section 6 - IOB Properties
Section 7 - RPMs
Section 8 - Guide Report
Section 9 - Area Group and Partition Summary
Section 10 - Timing Report
Section 11 - Configuration String Information
Section 12 - Control Set Information
Section 13 - Utilization by Hierarchy

Section 1 - Errors
------------------

Section 2 - Warnings
--------------------
WARNING:PhysDesignRules:812 - Dangling pin <DOB1> on
   block:<memoria_barril/U0/xst_blk_mem_generator/gnativebmg.native_blk_mem_gen/
   valid.cstr/ramloop[0].ram.r/s3_init.ram/spram.ram.B>:<RAMB16_RAMB16B>.
WARNING:PhysDesignRules:812 - Dangling pin <DOB2> on
   block:<memoria_barril/U0/xst_blk_mem_generator/gnativebmg.native_blk_mem_gen/
   valid.cstr/ramloop[0].ram.r/s3_init.ram/spram.ram.B>:<RAMB16_RAMB16B>.
WARNING:PhysDesignRules:812 - Dangling pin <DOB3> on
   block:<memoria_barril/U0/xst_blk_mem_generator/gnativebmg.native_blk_mem_gen/
   valid.cstr/ramloop[0].ram.r/s3_init.ram/spram.ram.B>:<RAMB16_RAMB16B>.
WARNING:PhysDesignRules:812 - Dangling pin <DOB4> on
   block:<memoria_barril/U0/xst_blk_mem_generator/gnativebmg.native_blk_mem_gen/
   valid.cstr/ramloop[0].ram.r/s3_init.ram/spram.ram.B>:<RAMB16_RAMB16B>.
WARNING:PhysDesignRules:812 - Dangling pin <DOB5> on
   block:<memoria_barril/U0/xst_blk_mem_generator/gnativebmg.native_blk_mem_gen/
   valid.cstr/ramloop[0].ram.r/s3_init.ram/spram.ram.B>:<RAMB16_RAMB16B>.
WARNING:PhysDesignRules:812 - Dangling pin <DOB6> on
   block:<memoria_barril/U0/xst_blk_mem_generator/gnativebmg.native_blk_mem_gen/
   valid.cstr/ramloop[0].ram.r/s3_init.ram/spram.ram.B>:<RAMB16_RAMB16B>.
WARNING:PhysDesignRules:812 - Dangling pin <DOB7> on
   block:<memoria_barril/U0/xst_blk_mem_generator/gnativebmg.native_blk_mem_gen/
   valid.cstr/ramloop[0].ram.r/s3_init.ram/spram.ram.B>:<RAMB16_RAMB16B>.
WARNING:PhysDesignRules:812 - Dangling pin <DOB8> on
   block:<memoria_barril/U0/xst_blk_mem_generator/gnativebmg.native_blk_mem_gen/
   valid.cstr/ramloop[0].ram.r/s3_init.ram/spram.ram.B>:<RAMB16_RAMB16B>.
WARNING:PhysDesignRules:812 - Dangling pin <DOB9> on
   block:<memoria_barril/U0/xst_blk_mem_generator/gnativebmg.native_blk_mem_gen/
   valid.cstr/ramloop[0].ram.r/s3_init.ram/spram.ram.B>:<RAMB16_RAMB16B>.
WARNING:PhysDesignRules:812 - Dangling pin <DOB10> on
   block:<memoria_barril/U0/xst_blk_mem_generator/gnativebmg.native_blk_mem_gen/
   valid.cstr/ramloop[0].ram.r/s3_init.ram/spram.ram.B>:<RAMB16_RAMB16B>.
WARNING:PhysDesignRules:812 - Dangling pin <DOB11> on
   block:<memoria_barril/U0/xst_blk_mem_generator/gnativebmg.native_blk_mem_gen/
   valid.cstr/ramloop[0].ram.r/s3_init.ram/spram.ram.B>:<RAMB16_RAMB16B>.
WARNING:PhysDesignRules:812 - Dangling pin <DOB12> on
   block:<memoria_barril/U0/xst_blk_mem_generator/gnativebmg.native_blk_mem_gen/
   valid.cstr/ramloop[0].ram.r/s3_init.ram/spram.ram.B>:<RAMB16_RAMB16B>.
WARNING:PhysDesignRules:812 - Dangling pin <DOB13> on
   block:<memoria_barril/U0/xst_blk_mem_generator/gnativebmg.native_blk_mem_gen/
   valid.cstr/ramloop[0].ram.r/s3_init.ram/spram.ram.B>:<RAMB16_RAMB16B>.
WARNING:PhysDesignRules:812 - Dangling pin <DOB14> on
   block:<memoria_barril/U0/xst_blk_mem_generator/gnativebmg.native_blk_mem_gen/
   valid.cstr/ramloop[0].ram.r/s3_init.ram/spram.ram.B>:<RAMB16_RAMB16B>.
WARNING:PhysDesignRules:812 - Dangling pin <DOB15> on
   block:<memoria_barril/U0/xst_blk_mem_generator/gnativebmg.native_blk_mem_gen/
   valid.cstr/ramloop[0].ram.r/s3_init.ram/spram.ram.B>:<RAMB16_RAMB16B>.
WARNING:PhysDesignRules:812 - Dangling pin <DOB16> on
   block:<memoria_barril/U0/xst_blk_mem_generator/gnativebmg.native_blk_mem_gen/
   valid.cstr/ramloop[0].ram.r/s3_init.ram/spram.ram.B>:<RAMB16_RAMB16B>.
WARNING:PhysDesignRules:812 - Dangling pin <DOB17> on
   block:<memoria_barril/U0/xst_blk_mem_generator/gnativebmg.native_blk_mem_gen/
   valid.cstr/ramloop[0].ram.r/s3_init.ram/spram.ram.B>:<RAMB16_RAMB16B>.
WARNING:PhysDesignRules:812 - Dangling pin <DOB18> on
   block:<memoria_barril/U0/xst_blk_mem_generator/gnativebmg.native_blk_mem_gen/
   valid.cstr/ramloop[0].ram.r/s3_init.ram/spram.ram.B>:<RAMB16_RAMB16B>.
WARNING:PhysDesignRules:812 - Dangling pin <DOB19> on
   block:<memoria_barril/U0/xst_blk_mem_generator/gnativebmg.native_blk_mem_gen/
   valid.cstr/ramloop[0].ram.r/s3_init.ram/spram.ram.B>:<RAMB16_RAMB16B>.
WARNING:PhysDesignRules:812 - Dangling pin <DOB20> on
   block:<memoria_barril/U0/xst_blk_mem_generator/gnativebmg.native_blk_mem_gen/
   valid.cstr/ramloop[0].ram.r/s3_init.ram/spram.ram.B>:<RAMB16_RAMB16B>.
WARNING:PhysDesignRules:812 - Dangling pin <DOB21> on
   block:<memoria_barril/U0/xst_blk_mem_generator/gnativebmg.native_blk_mem_gen/
   valid.cstr/ramloop[0].ram.r/s3_init.ram/spram.ram.B>:<RAMB16_RAMB16B>.
WARNING:PhysDesignRules:812 - Dangling pin <DOB22> on
   block:<memoria_barril/U0/xst_blk_mem_generator/gnativebmg.native_blk_mem_gen/
   valid.cstr/ramloop[0].ram.r/s3_init.ram/spram.ram.B>:<RAMB16_RAMB16B>.
WARNING:PhysDesignRules:812 - Dangling pin <DOB23> on
   block:<memoria_barril/U0/xst_blk_mem_generator/gnativebmg.native_blk_mem_gen/
   valid.cstr/ramloop[0].ram.r/s3_init.ram/spram.ram.B>:<RAMB16_RAMB16B>.
WARNING:PhysDesignRules:812 - Dangling pin <DOB24> on
   block:<memoria_barril/U0/xst_blk_mem_generator/gnativebmg.native_blk_mem_gen/
   valid.cstr/ramloop[0].ram.r/s3_init.ram/spram.ram.B>:<RAMB16_RAMB16B>.
WARNING:PhysDesignRules:812 - Dangling pin <DOB25> on
   block:<memoria_barril/U0/xst_blk_mem_generator/gnativebmg.native_blk_mem_gen/
   valid.cstr/ramloop[0].ram.r/s3_init.ram/spram.ram.B>:<RAMB16_RAMB16B>.
WARNING:PhysDesignRules:812 - Dangling pin <DOB26> on
   block:<memoria_barril/U0/xst_blk_mem_generator/gnativebmg.native_blk_mem_gen/
   valid.cstr/ramloop[0].ram.r/s3_init.ram/spram.ram.B>:<RAMB16_RAMB16B>.
WARNING:PhysDesignRules:812 - Dangling pin <DOB27> on
   block:<memoria_barril/U0/xst_blk_mem_generator/gnativebmg.native_blk_mem_gen/
   valid.cstr/ramloop[0].ram.r/s3_init.ram/spram.ram.B>:<RAMB16_RAMB16B>.
WARNING:PhysDesignRules:812 - Dangling pin <DOB28> on
   block:<memoria_barril/U0/xst_blk_mem_generator/gnativebmg.native_blk_mem_gen/
   valid.cstr/ramloop[0].ram.r/s3_init.ram/spram.ram.B>:<RAMB16_RAMB16B>.
WARNING:PhysDesignRules:812 - Dangling pin <DOB29> on
   block:<memoria_barril/U0/xst_blk_mem_generator/gnativebmg.native_blk_mem_gen/
   valid.cstr/ramloop[0].ram.r/s3_init.ram/spram.ram.B>:<RAMB16_RAMB16B>.
WARNING:PhysDesignRules:812 - Dangling pin <DOB30> on
   block:<memoria_barril/U0/xst_blk_mem_generator/gnativebmg.native_blk_mem_gen/
   valid.cstr/ramloop[0].ram.r/s3_init.ram/spram.ram.B>:<RAMB16_RAMB16B>.
WARNING:PhysDesignRules:812 - Dangling pin <DOB31> on
   block:<memoria_barril/U0/xst_blk_mem_generator/gnativebmg.native_blk_mem_gen/
   valid.cstr/ramloop[0].ram.r/s3_init.ram/spram.ram.B>:<RAMB16_RAMB16B>.

Section 3 - Informational
-------------------------
INFO:MapLib:562 - No environment variables are currently set.
INFO:LIT:244 - All of the single ended outputs in this design are using slew
   rate limited output drivers. The delay on speed critical single ended outputs
   can be dramatically reduced by designating them as fast outputs.

Section 4 - Removed Logic Summary
---------------------------------
  10 block(s) optimized away

Section 5 - Removed Logic
-------------------------

Optimized Block(s):
TYPE 		BLOCK
GND 		Fontanero_1/mario1_1/XST_GND
VCC 		Fontanero_1/mario1_1/XST_VCC
GND 		Stage_1/stages_1/XST_GND
VCC 		Stage_1/stages_1/XST_VCC
GND 		XST_GND
VCC 		XST_VCC
GND 		memoria_barril/XST_GND
VCC 		memoria_barril/XST_VCC

To enable printing of redundant blocks removed and signals merged, set the
detailed map report option and rerun map.

Section 6 - IOB Properties
--------------------------

+---------------------------------------------------------------------------------------------------------------------------------------------------------+
| IOB Name                           | Type             | Direction | IO Standard          | Diff  | Drive    | Slew | Reg (s)      | Resistor | IOB      |
|                                    |                  |           |                      | Term  | Strength | Rate |              |          | Delay    |
+---------------------------------------------------------------------------------------------------------------------------------------------------------+
| HS                                 | IOB              | OUTPUT    | LVCMOS25             |       | 12       | SLOW |              |          | 0 / 0    |
| LB                                 | IBUF             | INPUT     | LVCMOS25             |       |          |      |              |          | 0 / 0    |
| RB                                 | IBUF             | INPUT     | LVCMOS25             |       |          |      |              |          | 0 / 0    |
| RGB<0>                             | IOB              | OUTPUT    | LVCMOS25             |       | 12       | SLOW |              |          | 0 / 0    |
| RGB<1>                             | IOB              | OUTPUT    | LVCMOS25             |       | 12       | SLOW |              |          | 0 / 0    |
| RGB<2>                             | IOB              | OUTPUT    | LVCMOS25             |       | 12       | SLOW |              |          | 0 / 0    |
| RGB<3>                             | IOB              | OUTPUT    | LVCMOS25             |       | 12       | SLOW |              |          | 0 / 0    |
| RGB<4>                             | IOB              | OUTPUT    | LVCMOS25             |       | 12       | SLOW |              |          | 0 / 0    |
| RGB<5>                             | IOB              | OUTPUT    | LVCMOS25             |       | 12       | SLOW |              |          | 0 / 0    |
| RGB<6>                             | IOB              | OUTPUT    | LVCMOS25             |       | 12       | SLOW |              |          | 0 / 0    |
| RGB<7>                             | IOB              | OUTPUT    | LVCMOS25             |       | 12       | SLOW |              |          | 0 / 0    |
| UB                                 | IBUF             | INPUT     | LVCMOS25             |       |          |      |              |          | 0 / 0    |
| VS                                 | IOB              | OUTPUT    | LVCMOS25             |       | 12       | SLOW |              |          | 0 / 0    |
| clk                                | IBUF             | INPUT     | LVCMOS25             |       |          |      |              |          | 0 / 0    |
| reset                              | IBUF             | INPUT     | LVCMOS25             |       |          |      |              |          | 0 / 0    |
| sw0                                | IBUF             | INPUT     | LVCMOS25             |       |          |      |              |          | 0 / 0    |
| sw1                                | IBUF             | INPUT     | LVCMOS25             |       |          |      |              |          | 0 / 0    |
+---------------------------------------------------------------------------------------------------------------------------------------------------------+

Section 7 - RPMs
----------------

Section 8 - Guide Report
------------------------
Guide not run on this design.

Section 9 - Area Group and Partition Summary
--------------------------------------------

Partition Implementation Status
-------------------------------

  No Partitions were found in this design.

-------------------------------

Area Group Information
----------------------

  No area groups were found in this design.

----------------------

Section 10 - Timing Report
--------------------------
This design was not run using timing mode.

Section 11 - Configuration String Details
-----------------------------------------
Use the "-detail" map option to print out Configuration Strings

Section 12 - Control Set Information
------------------------------------
No control set information for this architecture.

Section 13 - Utilization by Hierarchy
-------------------------------------
Use the "-detail" map option to print out the Utilization by Hierarchy section.
